            Reporte de la Compañía BUSSINES for Período 2

Estado de Ingresos         % Ventas  Reporte de Operaciones
------------------           ------  ----------------------
Ventas             $  49848    100%  Decisiones:Precio     $    67
CBV                $ -10170     20%             Producción     720 unid.
                  --------- -------             Marketing  $  8500
Margen Bruto       $  39678     80%             Inversión  $  8600
Marketing          $  -8500     17%             I & D      $  7000
Depreciación       $  -1600      3%
I & D              $  -7000     14%
Carga Social       $      0      0%  Reporte de Producción:
Cargo Inventario   $      0      0%  Producción                720 unid.
Interés            $  -1039      2%  Capacid. de Fábrica       800 unid.
                  --------- -------  Capacid. Utilizada        90%
Utilid.ant.de Imp. $  21539     43%  Produc.Costo/Unidad   $ 13.53
Impuestos          $  -5385     11%  Inventario                  0 unid.
                  --------- -------  Empleados                  95 trabaj.
Utilidad Neta      $  16154     32%

Hoja de Balance             % Total  Reporte de Marketing:
---------------             -------  Ordenes Recibidas         788 unid.
Efectivo           $  41828     52%  Ventas Realizadas         744 unid.
Inventario         $      0      0%  Ordenes no Realizadas      44 unid.
Inver. de Capital  $  39000     48%  Precio/Unid. Vendida  $ 67.00
                  --------- -------  Tot. Costo/Unid Vend. $ 38.05
Total Activo       $  80828    100%  Margen/Unid.Vendida   $ 28.95

Préstamos          $  37793     47%  Reporte de Inversión:
Ganancias Reten.   $  20197     25%  Capacid.de Fabr. $  32000     800 unid.
Capital            $  22838     28%  Inversión Neta   $   7000     175 unid.
                  --------- -------                   --------- ------
Pasivo+Patrimonio  $  80828    100%  Próx. Capacidad  $  39000     975 unid.

Flujo de Caja
---------
Caja Inicial       $  23788
Utilidad Neta      $  16154
Depreciación       $   1600
Invers. de Capital $  -8600
Cambio de Invent.  $    432
Préstamo Neto      $   8454
                  ---------
Caja Final         $  41828

 La cantidad demandada fue mayor que la producción (cantidad ofertada).
--Puede reducir la cantidad demandada con un precio m s alto.
--Puede reducir la demanda (la curva de la demanda cambiar a la izquierda)
 con menos marketing y/o menos I&D.
--Puede incrementar la cantidad ofertada con más producción.

 Su producción est  por encima del 5 23601el costo mínimo por unidad, del nivel 
 de producción. Ud. podría reducir la producción o incrementar la capacidad 
 para lograr un costo mínimo por unidad.

