            Reporte de la Compañía LSBROSKI for Período 2

Estado de Ingresos         % Ventas  Reporte de Operaciones
------------------           ------  ----------------------
Ventas             $  31614    100%  Decisiones:Precio     $    66
CBV                $  -7353     23%             Producción     824 unid.
                  --------- -------             Marketing  $  3002
Margen Bruto       $  24261     77%             Inversión  $  9000
Marketing          $  -3002      9%             I & D      $ 10000
Depreciación       $  -1648      5%
I & D              $ -10000     32%
Carga Social       $      0      0%  Reporte de Producción:
Cargo Inventario   $      0      0%  Producción                824 unid.
Interés            $  -1094      3%  Capacid. de Fábrica       823 unid.
                  --------- -------  Capacid. Utilizada       100%
Utilid.ant.de Imp. $   8517     27%  Produc.Costo/Unidad   $ 15.35
Impuestos          $  -2129      7%  Inventario                345 unid.
                  --------- -------  Empleados                 105 trabaj.
Utilidad Neta      $   6388     20%

Hoja de Balance             % Total  Reporte de Marketing:
---------------             -------  Ordenes Recibidas         479 unid.
Efectivo           $  26742     37%  Ventas Realizadas         479 unid.
Inventario         $   5296      7%  Ordenes no Realizadas       0 unid.
Inver. de Capital  $  40302     56%  Precio/Unid. Vendida  $ 66.00
                  --------- -------  Tot. Costo/Unid Vend. $ 48.22
Total Activo       $  72340    100%  Margen/Unid.Vendida   $ 17.78

Préstamos          $  39787     55%  Reporte de Inversión:
Ganancias Reten.   $   9715     13%  Capacid.de Fabr. $  32950     823 unid.
Capital            $  22838     32%  Inversión Neta   $   7352     184 unid.
                  --------- -------                   --------- ------
Pasivo+Patrimonio  $  72340    100%  Próx. Capacidad  $  40302    1008 unid.

Flujo de Caja
---------
Caja Inicial       $  21056
Utilidad Neta      $   6388
Depreciación       $   1648
Invers. de Capital $  -9000
Cambio de Invent.  $  -5296
Préstamo Neto      $  11946
                  ---------
Caja Final         $  26742

 La producción (cantidad ofertada) fue mayor que la demanda.
--Puede incrementar la cantidad demandada con un precio m s bajo.
--Puede incrementar la demanda (la curva de la demanda cambia a la derecha) 
 inviertiendo m s en el marketing e I & D.
--Puede reducir la cantidad ofertada produciendo menos.

 En este período su inventario excede 10 23601e su producción. Remember
there is an opportunity cost to carrying inventory. 
¿Es esto parte de su estrategia a largo plazo?

 Su producción est  por encima del 5 23601el costo mínimo por unidad, del nivel 
 de producción. Ud. podría reducir la producción o incrementar la capacidad 
 para lograr un costo mínimo por unidad.

