            Reporte de la Compañía LNE for Período 2

Estado de Ingresos         % Ventas  Reporte de Operaciones
------------------           ------  ----------------------
Ventas             $  38500    100%  Decisiones:Precio     $    55
CBV                $  -8918     23%             Producción     700 unid.
                  --------- -------             Marketing  $  4300
Margen Bruto       $  29582     77%             Inversión  $  9000
Marketing          $  -4300     11%             I & D      $ 10000
Depreciación       $  -1648      4%
I & D              $ -10000     26%
Carga Social       $      0      0%  Reporte de Producción:
Cargo Inventario   $      0      0%  Producción                700 unid.
Interés            $  -1116      3%  Capacid. de Fábrica       823 unid.
                  --------- -------  Capacid. Utilizada        85%
Utilid.ant.de Imp. $  12518     33%  Produc.Costo/Unidad   $ 12.74
Impuestos          $  -3130      8%  Inventario                  0 unid.
                  --------- -------  Empleados                  89 trabaj.
Utilidad Neta      $   9388     24%

Hoja de Balance             % Total  Reporte de Marketing:
---------------             -------  Ordenes Recibidas        1051 unid.
Efectivo           $  32606     45%  Ventas Realizadas         700 unid.
Inventario         $      0      0%  Ordenes no Realizadas     351 unid.
Inver. de Capital  $  40302     55%  Precio/Unid. Vendida  $ 55.00
                  --------- -------  Tot. Costo/Unid Vend. $ 37.12
Total Activo       $  72908    100%  Margen/Unid.Vendida   $ 17.88

Préstamos          $  40592     56%  Reporte de Inversión:
Ganancias Reten.   $   9478     13%  Capacid.de Fabr. $  32950     823 unid.
Capital            $  22838     31%  Inversión Neta   $   7352     184 unid.
                  --------- -------                   --------- ------
Pasivo+Patrimonio  $  72908    100%  Próx. Capacidad  $  40302    1008 unid.

Flujo de Caja
---------
Caja Inicial       $  19567
Utilidad Neta      $   9388
Depreciación       $   1648
Invers. de Capital $  -9000
Cambio de Invent.  $      0
Préstamo Neto      $  11003
                  ---------
Caja Final         $  32606

 La cantidad demandada fue mayor que la producción (cantidad ofertada).
--Puede reducir la cantidad demandada con un precio m s alto.
--Puede reducir la demanda (la curva de la demanda cambiar a la izquierda)
 con menos marketing y/o menos I&D.
--Puede incrementar la cantidad ofertada con más producción.

 Su producción est  por encima del 5 23601el costo mínimo por unidad, del nivel 
 de producción. Ud. podría reducir la producción o incrementar la capacidad 
 para lograr un costo mínimo por unidad.

