            Reporte de la Compañía TOROS for Período 2

Estado de Ingresos         % Ventas  Reporte de Operaciones
------------------           ------  ----------------------
Ventas             $  32305    100%  Decisiones:Precio     $    65
CBV                $  -7629     24%             Producción     824 unid.
                  --------- -------             Marketing  $  2800
Margen Bruto       $  24676     76%             Inversión  $  9000
Marketing          $  -2800      9%             I & D      $ 10000
Depreciación       $  -1648      5%
I & D              $ -10000     31%
Carga Social       $      0      0%  Reporte de Producción:
Cargo Inventario   $      0      0%  Producción                824 unid.
Interés            $  -1054      3%  Capacid. de Fábrica       823 unid.
                  --------- -------  Capacid. Utilizada       100%
Utilid.ant.de Imp. $   9174     28%  Produc.Costo/Unidad   $ 15.35
Impuestos          $  -2294      7%  Inventario                327 unid.
                  --------- -------  Empleados                 105 trabaj.
Utilidad Neta      $   6880     21%

Hoja de Balance             % Total  Reporte de Marketing:
---------------             -------  Ordenes Recibidas         497 unid.
Efectivo           $  27308     38%  Ventas Realizadas         497 unid.
Inventario         $   5020      7%  Ordenes no Realizadas       0 unid.
Inver. de Capital  $  40302     55%  Precio/Unid. Vendida  $ 65.00
                  --------- -------  Tot. Costo/Unid Vend. $ 46.54
Total Activo       $  72630    100%  Margen/Unid.Vendida   $ 18.46

Préstamos          $  38333     53%  Reporte de Inversión:
Ganancias Reten.   $  11459     16%  Capacid.de Fabr. $  32950     823 unid.
Capital            $  22838     31%  Inversión Neta   $   7352     184 unid.
                  --------- -------                   --------- ------
Pasivo+Patrimonio  $  72630    100%  Próx. Capacidad  $  40302    1008 unid.

Flujo de Caja
---------
Caja Inicial       $  25895
Utilidad Neta      $   6880
Depreciación       $   1648
Invers. de Capital $  -9000
Cambio de Invent.  $  -5020
Préstamo Neto      $   6905
                  ---------
Caja Final         $  27308

 La producción (cantidad ofertada) fue mayor que la demanda.
--Puede incrementar la cantidad demandada con un precio m s bajo.
--Puede incrementar la demanda (la curva de la demanda cambia a la derecha) 
 inviertiendo m s en el marketing e I & D.
--Puede reducir la cantidad ofertada produciendo menos.

 En este período su inventario excede 10 23601e su producción. Remember
there is an opportunity cost to carrying inventory. 
¿Es esto parte de su estrategia a largo plazo?

 Su producción est  por encima del 5 23601el costo mínimo por unidad, del nivel 
 de producción. Ud. podría reducir la producción o incrementar la capacidad 
 para lograr un costo mínimo por unidad.

