            Reporte de la Compañía HERMES for Período 2

Estado de Ingresos         % Ventas  Reporte de Operaciones
------------------           ------  ----------------------
Ventas             $  41600    100%  Decisiones:Precio     $    65
CBV                $  -8218     20%             Producción     640 unid.
                  --------- -------             Marketing  $  7000
Margen Bruto       $  33382     80%             Inversión  $  8600
Marketing          $  -7000     17%             I & D      $ 10000
Depreciación       $  -1600      4%
I & D              $ -10000     24%
Carga Social       $      0      0%  Reporte de Producción:
Cargo Inventario   $      0      0%  Producción                640 unid.
Interés            $  -1030      2%  Capacid. de Fábrica       800 unid.
                  --------- -------  Capacid. Utilizada        80%
Utilid.ant.de Imp. $  13752     33%  Produc.Costo/Unidad   $ 12.84
Impuestos          $  -3438      8%  Inventario                  0 unid.
                  --------- -------  Empleados                  84 trabaj.
Utilidad Neta      $  10314     25%

Hoja de Balance             % Total  Reporte de Marketing:
---------------             -------  Ordenes Recibidas         753 unid.
Efectivo           $  35532     48%  Ventas Realizadas         640 unid.
Inventario         $      0      0%  Ordenes no Realizadas     113 unid.
Inver. de Capital  $  39000     52%  Precio/Unid. Vendida  $ 65.00
                  --------- -------  Tot. Costo/Unid Vend. $ 43.51
Total Activo       $  74532    100%  Margen/Unid.Vendida   $ 21.49

Préstamos          $  37470     50%  Reporte de Inversión:
Ganancias Reten.   $  14224     19%  Capacid.de Fabr. $  32000     800 unid.
Capital            $  22838     31%  Inversión Neta   $   7000     175 unid.
                  --------- -------                   --------- ------
Pasivo+Patrimonio  $  74532    100%  Próx. Capacidad  $  39000     975 unid.

Flujo de Caja
---------
Caja Inicial       $  24587
Utilidad Neta      $  10314
Depreciación       $   1600
Invers. de Capital $  -8600
Cambio de Invent.  $      0
Préstamo Neto      $   7631
                  ---------
Caja Final         $  35532

 La cantidad demandada fue mayor que la producción (cantidad ofertada).
--Puede reducir la cantidad demandada con un precio m s alto.
--Puede reducir la demanda (la curva de la demanda cambiar a la izquierda)
 con menos marketing y/o menos I&D.
--Puede incrementar la cantidad ofertada con más producción.

