            Reporte de la Compañía LSBROSKI for Período 5

Estado de Ingresos         % Ventas  Reporte de Operaciones
------------------           ------  ----------------------
Ventas             $  62510    100%  Decisiones:Precio     $    47
CBV                $ -14949     24%             Producción    1468 unid.
                  --------- -------             Marketing  $ 10000
Margen Bruto       $  47561     76%             Inversión  $ 10000
Marketing          $ -10000     16%             I & D      $ 10000
Depreciación       $  -2936      5%
I & D              $ -10000     16%
Carga Social       $      0      0%  Reporte de Producción:
Cargo Inventario   $   -275      0%  Producción               1468 unid.
Interés            $  -1121      2%  Capacid. de Fábrica      1468 unid.
                  --------- -------  Capacid. Utilizada       100%
Utilid.ant.de Imp. $  23229     37%  Produc.Costo/Unidad   $ 11.12
Impuestos          $  -5807      9%  Inventario                413 unid.
                  --------- -------  Empleados                 105 trabaj.
Utilidad Neta      $  17422     28%

Hoja de Balance             % Total  Reporte de Marketing:
---------------             -------  Ordenes Recibidas        1330 unid.
Efectivo           $  52371     43%  Ventas Realizadas        1330 unid.
Inventario         $   4650      4%  Ordenes no Realizadas       0 unid.
Inver. de Capital  $  65787     54%  Precio/Unid. Vendida  $ 47.00
                  --------- -------  Tot. Costo/Unid Vend. $ 29.53
Total Activo       $ 122808    100%  Margen/Unid.Vendida   $ 17.47

Préstamos          $  40757     33%  Reporte de Inversión:
Ganancias Reten.   $  59213     48%  Capacid.de Fabr. $  58723    1468 unid.
Capital            $  22838     19%  Inversión Neta   $   7064     177 unid.
                  --------- -------                   --------- ------
Pasivo+Patrimonio  $ 122808    100%  Próx. Capacidad  $  65787    1645 unid.

Flujo de Caja
---------
Caja Inicial       $  49217
Utilidad Neta      $  17422
Depreciación       $   2936
Invers. de Capital $ -10000
Cambio de Invent.  $  -1375
Préstamo Neto      $  -5829
                  ---------
Caja Final         $  52371

 La producción (cantidad ofertada) fue mayor que la demanda.
--Puede incrementar la cantidad demandada con un precio m s bajo.
--Puede incrementar la demanda (la curva de la demanda cambia a la derecha) 
 inviertiendo m s en el marketing e I & D.
--Puede reducir la cantidad ofertada produciendo menos.

 En este período su inventario excede 10 23601e su producción. Remember
there is an opportunity cost to carrying inventory. 
¿Es esto parte de su estrategia a largo plazo?

 Su producción est  por encima del 5 23601el costo mínimo por unidad, del nivel 
 de producción. Ud. podría reducir la producción o incrementar la capacidad 
 para lograr un costo mínimo por unidad.

