            Reporte de la Compañía LNE for Período 5

Estado de Ingresos         % Ventas  Reporte de Operaciones
------------------           ------  ----------------------
Ventas             $  48400    100%  Decisiones:Precio     $    44
CBV                $ -10175     21%             Producción    1100 unid.
                  --------- -------             Marketing  $ 10000
Margen Bruto       $  38225     79%             Inversión  $  3000
Marketing          $ -10000     21%             I & D      $     1
Depreciación       $  -2591      5%
I & D              $     -1      0%
Carga Social       $      0      0%  Reporte de Producción:
Cargo Inventario   $      0      0%  Producción               1100 unid.
Interés            $   -515      1%  Capacid. de Fábrica      1295 unid.
                  --------- -------  Capacid. Utilizada        85%
Utilid.ant.de Imp. $  25118     52%  Produc.Costo/Unidad   $  9.25
Impuestos          $  -6280     13%  Inventario                  0 unid.
                  --------- -------  Empleados                  89 trabaj.
Utilidad Neta      $  18838     39%

Hoja de Balance             % Total  Reporte de Marketing:
---------------             -------  Ordenes Recibidas        1196 unid.
Efectivo           $  39014     43%  Ventas Realizadas        1100 unid.
Inventario         $      0      0%  Ordenes no Realizadas      96 unid.
Inver. de Capital  $  52232     57%  Precio/Unid. Vendida  $ 44.00
                  --------- -------  Tot. Costo/Unid Vend. $ 21.17
Total Activo       $  91246    100%  Margen/Unid.Vendida   $ 22.83

Préstamos          $  18742     21%  Reporte de Inversión:
Ganancias Reten.   $  49666     54%  Capacid.de Fabr. $  51823    1295 unid.
Capital            $  22838     25%  Inversión Neta   $    409      10 unid.
                  --------- -------                   --------- ------
Pasivo+Patrimonio  $  91246    100%  Próx. Capacidad  $  52232    1306 unid.

Flujo de Caja
---------
Caja Inicial       $  36038
Utilidad Neta      $  18838
Depreciación       $   2591
Invers. de Capital $  -3000
Cambio de Invent.  $      0
Préstamo Neto      $ -15454
                  ---------
Caja Final         $  39014

 La cantidad demandada fue mayor que la producción (cantidad ofertada).
--Puede reducir la cantidad demandada con un precio m s alto.
--Puede reducir la demanda (la curva de la demanda cambiar a la izquierda)
 con menos marketing y/o menos I&D.
--Puede incrementar la cantidad ofertada con más producción.

