                  Reporte Industrial    Período 5

Unidades                    Cambio    Dolares                         Cambio
--------                    ------    -------                         ------
Total Ordenes         7923     17%    Ventas Industr.        $363297     -1%
Total Produc.         9514     13%    Precio Promedio        $ 45.85    -15%
Total Vendido         7923     17%    Total Producción       $ 91442      5%
Capac. Total         11014     13%    Costo Prom Pdun        $  9.61     -6%
Inventario            3906     69%    Total Costo Prom       $ 25.23    -12%

Productividad               Cambio    Dolares                         Cambio
-------------               ------    -------                         ------
Empleo                 725      0%    Tasa Prima                 10%      0%
Ventas/Empleado   $    501     -1%    Préstamo Límite        $ 50000      0%
Unid./Empleado       13.12     13%    Tasa del Impuesto          25%      0%
Invers. de Cap.   $ 464107      5%    Imp. Pag. Período      $ 40851     -5%
Capacid. Utiliz.       86%      0%    Imp. Pag. Fecha        $160451     34%

         ATENEA     TINA ARTEMISA     TRES  ALIADIN  CHIDOXX  IRONBAD MOUNTAIN
       -------- -------- -------- -------- -------- -------- -------- --------
Ventas  $ 43904  $ 48400  $ 37576  $ 63210  $ 39192  $ 43092  $ 41870  $ 46053
Util.   $ 16676  $ 17363  $ 11014  $ 21754  $ 11290  $ 13996  $ 13835  $ 16622
Precio  $    56  $    50  $    44  $    35  $    46  $    54  $    53  $    43
GanRet  $ 59792  $ 68054  $ 59379  $ 64825  $ 54522  $ 58377  $ 64129  $ 52262
UnRepa      10%      12%      11%      23%      11%      10%      10%      14%
MPI         402      460      400      453      374      399      434      366

Industry Notes
--------------
 Con sus costos bajos las compañías tienen la oportunidad de bajar 
attract more customers.

 Aunque los precios son bajos, las ordenes y ventas son m s bajas 
 que la producci¢n. Los inventarios son altos. ¨Qu‚ direcci¢n 
 tomar n los precios probablemente el pr¢ximo per¡odo?

 La Capacidad Utilizada est  sobre el 80%, el m s eficiente nivel.
 Desde que el inventario fue incrementado este per¡odo, ¨en qu‚
 nivel esperas que la Capacidad estar  el pr¢ximo per¡odo?

 Con una Inversi¢n de Capital alto, habr  m s capacidad en la industria el 
 pr¢ximo per¡odo. Para las compa¤¡as que invirtieron, operaciones eficientes 
 que requer¡an una producción m s alta pero con un costo m s bajo por unidad.

