            Reporte de la Compañía ATENEA for Período 3

Estado de Ingresos         % Ventas  Reporte de Operaciones
------------------           ------  ----------------------
Ventas             $  52415    100%  Decisiones:Precio     $    55
CBV                $ -12075     23%             Producción     818 unid.
                  --------- -------             Marketing  $  5500
Margen Bruto       $  40340     77%             Inversión  $ 13000
Marketing          $  -5500     10%             I & D      $ 10000
Depreciación       $  -1818      3%
I & D              $ -10000     19%
Carga Social       $    -10      0%  Reporte de Producción:
Cargo Inventario   $      0      0%  Producción                818 unid.
Interés            $  -1149      2%  Capacid. de Fábrica       909 unid.
                  --------- -------  Capacid. Utilizada        90%
Utilid.ant.de Imp. $  21863     42%  Produc.Costo/Unidad   $ 12.35
Impuestos          $  -5466     10%  Inventario                  0 unid.
                  --------- -------  Empleados                  94 trabaj.
Utilidad Neta      $  16397     31%

Hoja de Balance             % Total  Reporte de Marketing:
---------------             -------  Ordenes Recibidas         954 unid.
Efectivo           $  43974     48%  Ventas Realizadas         953 unid.
Inventario         $      0      0%  Ordenes no Realizadas       1 unid.
Inver. de Capital  $  47542     52%  Precio/Unid. Vendida  $ 55.00
                  --------- -------  Tot. Costo/Unid Vend. $ 32.05
Total Activo       $  91516    100%  Margen/Unid.Vendida   $ 22.95

Préstamos          $  41789     46%  Reporte de Inversión:
Ganancias Reten.   $  26889     29%  Capacid.de Fabr. $  36360     909 unid.
Capital            $  22838     25%  Inversión Neta   $  11182     280 unid.
                  --------- -------                   --------- ------
Pasivo+Patrimonio  $  91516    100%  Próx. Capacidad  $  47542    1189 unid.

Flujo de Caja
---------
Caja Inicial       $  26663
Utilidad Neta      $  16397
Depreciación       $   1818
Invers. de Capital $ -13000
Cambio de Invent.  $   1975
Préstamo Neto      $  10121
                  ---------
Caja Final         $  43974

 La cantidad demandada fue mayor que la producción (cantidad ofertada).
--Puede reducir la cantidad demandada con un precio m s alto.
--Puede reducir la demanda (la curva de la demanda cambiar a la izquierda)
 con menos marketing y/o menos I&D.
--Puede incrementar la cantidad ofertada con más producción.

 Su producción est  por encima del 5 23601el costo mínimo por unidad, del nivel 
 de producción. Ud. podría reducir la producción o incrementar la capacidad 
 para lograr un costo mínimo por unidad.

