            Reporte de la Compañía MOUNTAIN for Período 3

Estado de Ingresos         % Ventas  Reporte de Operaciones
------------------           ------  ----------------------
Ventas             $  30720    100%  Decisiones:Precio     $    48
CBV                $  -8218     27%             Producción     640 unid.
                  --------- -------             Marketing  $  3000
Margen Bruto       $  22502     73%             Inversión  $ 11600
Marketing          $  -3000     10%             I & D      $  3000
Depreciación       $  -1600      5%
I & D              $  -3000     10%
Carga Social       $      0      0%  Reporte de Producción:
Cargo Inventario   $      0      0%  Producción                640 unid.
Interés            $   -542      2%  Capacid. de Fábrica       800 unid.
                  --------- -------  Capacid. Utilizada        80%
Utilid.ant.de Imp. $  14360     47%  Produc.Costo/Unidad   $ 12.84
Impuestos          $  -3590     12%  Inventario                  0 unid.
                  --------- -------  Empleados                  84 trabaj.
Utilidad Neta      $  10770     35%

Hoja de Balance             % Total  Reporte de Marketing:
---------------             -------  Ordenes Recibidas         763 unid.
Efectivo           $  24988     37%  Ventas Realizadas         640 unid.
Inventario         $      0      0%  Ordenes no Realizadas     123 unid.
Inver. de Capital  $  42000     63%  Precio/Unid. Vendida  $ 48.00
                  --------- -------  Tot. Costo/Unid Vend. $ 25.56
Total Activo       $  66988    100%  Margen/Unid.Vendida   $ 22.44

Préstamos          $  19700     29%  Reporte de Inversión:
Ganancias Reten.   $  24450     36%  Capacid.de Fabr. $  32000     800 unid.
Capital            $  22838     34%  Inversión Neta   $  10000     250 unid.
                  --------- -------                   --------- ------
Pasivo+Patrimonio  $  66988    100%  Próx. Capacidad  $  42000    1050 unid.

Flujo de Caja
---------
Caja Inicial       $  24802
Utilidad Neta      $  10770
Depreciación       $   1600
Invers. de Capital $ -11600
Cambio de Invent.  $      0
Préstamo Neto      $   -585
                  ---------
Caja Final         $  24988

 La cantidad demandada fue mayor que la producción (cantidad ofertada).
--Puede reducir la cantidad demandada con un precio m s alto.
--Puede reducir la demanda (la curva de la demanda cambiar a la izquierda)
 con menos marketing y/o menos I&D.
--Puede incrementar la cantidad ofertada con más producción.

