            Reporte de la Compañía BUSSINES for Período 6

Estado de Ingresos         % Ventas  Reporte de Operaciones
------------------           ------  ----------------------
Ventas             $  51840    100%  Decisiones:Precio     $    36
CBV                $ -12398     24%             Producción    1440 unid.
                  --------- -------             Marketing  $ 12000
Margen Bruto       $  39442     76%             Inversión  $     1
Marketing          $ -12000     23%             I & D      $     1
Depreciación       $  -3200      6%
I & D              $     -1      0%
Carga Social       $      0      0%  Reporte de Producción:
Cargo Inventario   $      0      0%  Producción               1440 unid.
Interés            $    939     -1%  Capacid. de Fábrica      1600 unid.
                  --------- -------  Capacid. Utilizada        90%
Utilid.ant.de Imp. $  25180     49%  Produc.Costo/Unidad   $  8.61
Impuestos          $  -6295     12%  Inventario                  0 unid.
                  --------- -------  Empleados                  95 trabaj.
Utilidad Neta      $  18885     36%

Hoja de Balance             % Total  Reporte de Marketing:
---------------             -------  Ordenes Recibidas        1654 unid.
Efectivo           $  51032     46%  Ventas Realizadas        1440 unid.
Inventario         $      0      0%  Ordenes no Realizadas     214 unid.
Inver. de Capital  $  60801     54%  Precio/Unid. Vendida  $ 36.00
                  --------- -------  Tot. Costo/Unid Vend. $ 18.51
Total Activo       $ 111833    100%  Margen/Unid.Vendida   $ 17.49

Préstamos          $      0      0%  Reporte de Inversión:
Ganancias Reten.   $  88995     80%  Capacid.de Fabr. $  64000    1600 unid.
Capital            $  22838     20%  Inversión Neta   $  -3199     -80 unid.
                  --------- -------                   --------- ------
Pasivo+Patrimonio  $ 111833    100%  Próx. Capacidad  $  60801    1520 unid.

Flujo de Caja
---------
Caja Inicial       $  46987
Utilidad Neta      $  18885
Depreciación       $   3200
Invers. de Capital $     -1
Cambio de Invent.  $      0
Préstamo Neto      $ -18039
                  ---------
Caja Final         $  51032

 La cantidad demandada fue mayor que la producción (cantidad ofertada).
--Puede reducir la cantidad demandada con un precio m s alto.
--Puede reducir la demanda (la curva de la demanda cambiar a la izquierda)
 con menos marketing y/o menos I&D.
--Puede incrementar la cantidad ofertada con más producción.

 Su producción est  por encima del 5 23601el costo mínimo por unidad, del nivel 
 de producción. Ud. podría reducir la producción o incrementar la capacidad 
 para lograr un costo mínimo por unidad.

