            Reporte de la Compañía PORTECHA for Período 6

Estado de Ingresos         % Ventas  Reporte de Operaciones
------------------           ------  ----------------------
Ventas             $  38400    100%  Decisiones:Precio     $    50
CBV                $  -6259     16%             Producción    1361 unid.
                  --------- -------             Marketing  $ 12000
Margen Bruto       $  32141     84%             Inversión  $     1
Marketing          $ -12000     31%             I & D      $  4000
Depreciación       $  -3208      8%
I & D              $  -4000     10%
Carga Social       $      0      0%  Reporte de Producción:
Cargo Inventario   $   -199      1%  Producción               1361 unid.
Interés            $   -368      1%  Capacid. de Fábrica      1603 unid.
                  --------- -------  Capacid. Utilizada        85%
Utilid.ant.de Imp. $  12366     32%  Produc.Costo/Unidad   $  8.08
Impuestos          $  -3092      8%  Inventario                792 unid.
                  --------- -------  Empleados                  89 trabaj.
Utilidad Neta      $   9274     24%

Hoja de Balance             % Total  Reporte de Marketing:
---------------             -------  Ordenes Recibidas         768 unid.
Efectivo           $  31534     32%  Ventas Realizadas         768 unid.
Inventario         $   6457      7%  Ordenes no Realizadas       0 unid.
Inver. de Capital  $  60951     62%  Precio/Unid. Vendida  $ 50.00
                  --------- -------  Tot. Costo/Unid Vend. $ 33.90
Total Activo       $  98942    100%  Margen/Unid.Vendida   $ 16.10

Préstamos          $  13388     14%  Reporte de Inversión:
Ganancias Reten.   $  62716     63%  Capacid.de Fabr. $  64158    1603 unid.
Capital            $  22838     23%  Inversión Neta   $  -3207     -80 unid.
                  --------- -------                   --------- ------
Pasivo+Patrimonio  $  98942    100%  Próx. Capacidad  $  60951    1524 unid.

Flujo de Caja
---------
Caja Inicial       $  39745
Utilidad Neta      $   9274
Depreciación       $   3208
Invers. de Capital $     -1
Cambio de Invent.  $  -4737
Préstamo Neto      $ -15955
                  ---------
Caja Final         $  31534

 La producción (cantidad ofertada) fue mayor que la demanda.
--Puede incrementar la cantidad demandada con un precio m s bajo.
--Puede incrementar la demanda (la curva de la demanda cambia a la derecha) 
 inviertiendo m s en el marketing e I & D.
--Puede reducir la cantidad ofertada produciendo menos.

 En este período su inventario excede 10 23601e su producción. Remember
there is an opportunity cost to carrying inventory. 
¿Es esto parte de su estrategia a largo plazo?

