            Reporte de la Compañía ATENEA for Período 2

Estado de Ingresos         % Ventas  Reporte de Operaciones
------------------           ------  ----------------------
Ventas             $  31293    100%  Decisiones:Precio     $    61
CBV                $  -7505     24%             Producción     648 unid.
                  --------- -------             Marketing  $  2203
Margen Bruto       $  23788     76%             Inversión  $  9000
Marketing          $  -2203      7%             I & D      $ 10000
Depreciación       $  -1440      5%
I & D              $ -10000     32%
Carga Social       $      0      0%  Reporte de Producción:
Cargo Inventario   $      0      0%  Producción                648 unid.
Interés            $   -871      3%  Capacid. de Fábrica       720 unid.
                  --------- -------  Capacid. Utilizada        90%
Utilid.ant.de Imp. $   9274     30%  Produc.Costo/Unidad   $ 14.63
Impuestos          $  -2319      7%  Inventario                135 unid.
                  --------- -------  Empleados                  95 trabaj.
Utilidad Neta      $   6955     22%

Hoja de Balance             % Total  Reporte de Marketing:
---------------             -------  Ordenes Recibidas         513 unid.
Efectivo           $  26663     41%  Ventas Realizadas         513 unid.
Inventario         $   1975      3%  Ordenes no Realizadas       0 unid.
Inver. de Capital  $  36360     56%  Precio/Unid. Vendida  $ 61.00
                  --------- -------  Tot. Costo/Unid Vend. $ 42.92
Total Activo       $  64998    100%  Margen/Unid.Vendida   $ 18.08

Préstamos          $  31668     49%  Reporte de Inversión:
Ganancias Reten.   $  10492     16%  Capacid.de Fabr. $  28800     720 unid.
Capital            $  22838     35%  Inversión Neta   $   7560     189 unid.
                  --------- -------                   --------- ------
Pasivo+Patrimonio  $  64998    100%  Próx. Capacidad  $  36360     909 unid.

Flujo de Caja
---------
Caja Inicial       $  21514
Utilidad Neta      $   6955
Depreciación       $   1440
Invers. de Capital $  -9000
Cambio de Invent.  $  -1975
Préstamo Neto      $   7729
                  ---------
Caja Final         $  26663

 La producción (cantidad ofertada) fue mayor que la demanda.
--Puede incrementar la cantidad demandada con un precio m s bajo.
--Puede incrementar la demanda (la curva de la demanda cambia a la derecha) 
 inviertiendo m s en el marketing e I & D.
--Puede reducir la cantidad ofertada produciendo menos.

 En este período su inventario excede 10 23601e su producción. Remember
there is an opportunity cost to carrying inventory. 
¿Es esto parte de su estrategia a largo plazo?

 Su producción est  por encima del 5 23601el costo mínimo por unidad, del nivel 
 de producción. Ud. podría reducir la producción o incrementar la capacidad 
 para lograr un costo mínimo por unidad.

