            Reporte de la Compañía ARTEMISA for Período 2

Estado de Ingresos         % Ventas  Reporte de Operaciones
------------------           ------  ----------------------
Ventas             $  34086    100%  Decisiones:Precio     $    46
CBV                $  -9818     29%             Producción     741 unid.
                  --------- -------             Marketing  $  2500
Margen Bruto       $  24268     71%             Inversión  $  9000
Marketing          $  -2500      7%             I & D      $  4000
Depreciación       $  -1648      5%
I & D              $  -4000     12%
Carga Social       $      0      0%  Reporte de Producción:
Cargo Inventario   $      0      0%  Producción                741 unid.
Interés            $   -783      2%  Capacid. de Fábrica       823 unid.
                  --------- -------  Capacid. Utilizada        90%
Utilid.ant.de Imp. $  15337     45%  Produc.Costo/Unidad   $ 13.25
Impuestos          $  -3834     11%  Inventario                  0 unid.
                  --------- -------  Empleados                  94 trabaj.
Utilidad Neta      $  11503     34%

Hoja de Balance             % Total  Reporte de Marketing:
---------------             -------  Ordenes Recibidas        1525 unid.
Efectivo           $  27821     41%  Ventas Realizadas         741 unid.
Inventario         $      0      0%  Ordenes no Realizadas     784 unid.
Inver. de Capital  $  40302     59%  Precio/Unid. Vendida  $ 46.00
                  --------- -------  Tot. Costo/Unid Vend. $ 25.30
Total Activo       $  68123    100%  Margen/Unid.Vendida   $ 20.70

Préstamos          $  28486     42%  Reporte de Inversión:
Ganancias Reten.   $  16799     25%  Capacid.de Fabr. $  32950     823 unid.
Capital            $  22838     34%  Inversión Neta   $   7352     184 unid.
                  --------- -------                   --------- ------
Pasivo+Patrimonio  $  68123    100%  Próx. Capacidad  $  40302    1008 unid.

Flujo de Caja
---------
Caja Inicial       $  15973
Utilidad Neta      $  11503
Depreciación       $   1648
Invers. de Capital $  -9000
Cambio de Invent.  $      0
Préstamo Neto      $   7697
                  ---------
Caja Final         $  27821

 La cantidad demandada fue mayor que la producción (cantidad ofertada).
--Puede reducir la cantidad demandada con un precio m s alto.
--Puede reducir la demanda (la curva de la demanda cambiar a la izquierda)
 con menos marketing y/o menos I&D.
--Puede incrementar la cantidad ofertada con más producción.

 Su producción est  por encima del 5 23601el costo mínimo por unidad, del nivel 
 de producción. Ud. podría reducir la producción o incrementar la capacidad 
 para lograr un costo mínimo por unidad.

