            Reporte de la Compañía ALIADIN for Período 2

Estado de Ingresos         % Ventas  Reporte de Operaciones
------------------           ------  ----------------------
Ventas             $  32240    100%  Decisiones:Precio     $    52
CBV                $  -8172     25%             Producción     620 unid.
                  --------- -------             Marketing  $  2500
Margen Bruto       $  24068     75%             Inversión  $  9000
Marketing          $  -2500      8%             I & D      $  4000
Depreciación       $  -1548      5%
I & D              $  -4000     12%
Carga Social       $      0      0%  Reporte de Producción:
Cargo Inventario   $      0      0%  Producción                620 unid.
Interés            $   -685      2%  Capacid. de Fábrica       773 unid.
                  --------- -------  Capacid. Utilizada        80%
Utilid.ant.de Imp. $  15335     48%  Produc.Costo/Unidad   $ 13.18
Impuestos          $  -3834     12%  Inventario                  0 unid.
                  --------- -------  Empleados                  84 trabaj.
Utilidad Neta      $  11501     36%

Hoja de Balance             % Total  Reporte de Marketing:
---------------             -------  Ordenes Recibidas         963 unid.
Efectivo           $  26173     41%  Ventas Realizadas         620 unid.
Inventario         $      0      0%  Ordenes no Realizadas     343 unid.
Inver. de Capital  $  38402     59%  Precio/Unid. Vendida  $ 52.00
                  --------- -------  Tot. Costo/Unid Vend. $ 27.27
Total Activo       $  64575    100%  Margen/Unid.Vendida   $ 24.73

Préstamos          $  24898     39%  Reporte de Inversión:
Ganancias Reten.   $  16839     26%  Capacid.de Fabr. $  30950     773 unid.
Capital            $  22838     35%  Inversión Neta   $   7452     186 unid.
                  --------- -------                   --------- ------
Pasivo+Patrimonio  $  64575    100%  Próx. Capacidad  $  38402     960 unid.

Flujo de Caja
---------
Caja Inicial       $  16015
Utilidad Neta      $  11501
Depreciación       $   1548
Invers. de Capital $  -9000
Cambio de Invent.  $      0
Préstamo Neto      $   6109
                  ---------
Caja Final         $  26173

 La cantidad demandada fue mayor que la producción (cantidad ofertada).
--Puede reducir la cantidad demandada con un precio m s alto.
--Puede reducir la demanda (la curva de la demanda cambiar a la izquierda)
 con menos marketing y/o menos I&D.
--Puede incrementar la cantidad ofertada con más producción.

