            Reporte de la Compañía MOUNTAIN for Período 2

Estado de Ingresos         % Ventas  Reporte de Operaciones
------------------           ------  ----------------------
Ventas             $  29640    100%  Decisiones:Precio     $    57
CBV                $  -7862     27%             Producción     520 unid.
                  --------- -------             Marketing  $  2000
Margen Bruto       $  21778     73%             Inversión  $  7300
Marketing          $  -2000      7%             I & D      $  6000
Depreciación       $  -1300      4%
I & D              $  -6000     20%
Carga Social       $      0      0%  Reporte de Producción:
Cargo Inventario   $      0      0%  Producción                520 unid.
Interés            $   -558      2%  Capacid. de Fábrica       650 unid.
                  --------- -------  Capacid. Utilizada        80%
Utilid.ant.de Imp. $  11920     40%  Produc.Costo/Unidad   $ 15.12
Impuestos          $  -2980     10%  Inventario                  0 unid.
                  --------- -------  Empleados                  84 trabaj.
Utilidad Neta      $   8940     30%

Hoja de Balance             % Total  Reporte de Marketing:
---------------             -------  Ordenes Recibidas         645 unid.
Efectivo           $  24802     44%  Ventas Realizadas         520 unid.
Inventario         $      0      0%  Ordenes no Realizadas     125 unid.
Inver. de Capital  $  32000     56%  Precio/Unid. Vendida  $ 57.00
                  --------- -------  Tot. Costo/Unid Vend. $ 34.08
Total Activo       $  56802    100%  Margen/Unid.Vendida   $ 22.92

Préstamos          $  20284     36%  Reporte de Inversión:
Ganancias Reten.   $  13680     24%  Capacid.de Fabr. $  26000     650 unid.
Capital            $  22838     40%  Inversión Neta   $   6000     150 unid.
                  --------- -------                   --------- ------
Pasivo+Patrimonio  $  56802    100%  Próx. Capacidad  $  32000     800 unid.

Flujo de Caja
---------
Caja Inicial       $  15917
Utilidad Neta      $   8940
Depreciación       $   1300
Invers. de Capital $  -7300
Cambio de Invent.  $      0
Préstamo Neto      $   5945
                  ---------
Caja Final         $  24802

 La cantidad demandada fue mayor que la producción (cantidad ofertada).
--Puede reducir la cantidad demandada con un precio m s alto.
--Puede reducir la demanda (la curva de la demanda cambiar a la izquierda)
 con menos marketing y/o menos I&D.
--Puede incrementar la cantidad ofertada con más producción.

