                  Reporte Industrial    Período 3

Unidades                    Cambio    Dolares                         Cambio
--------                    ------    -------                         ------
Total Ordenes         6913     17%    Ventas Industr.        $351135     30%
Total Produc.         6434     24%    Precio Promedio        $ 54.00     -8%
Total Vendido         6502     43%    Total Producción       $ 73904      7%
Capac. Total          7675     23%    Costo Prom Pdun        $ 11.49    -13%
Inventario             666     -8%    Total Costo Prom       $ 29.42    -19%

Productividad               Cambio    Dolares                         Cambio
-------------               ------    -------                         ------
Empleo                 704      1%    Tasa Prima                 10%      0%
Ventas/Empleado   $    499     29%    Préstamo Límite        $ 50000      0%
Unid./Empleado        9.14     23%    Tasa del Impuesto          25%      0%
Invers. de Cap.   $ 390778     27%    Imp. Pag. Período      $ 39954     56%
Capacid. Utiliz.       84%      1%    Imp. Pag. Fecha        $ 76045    111%

         ATENEA     TINA ARTEMISA     TRES  ALIADIN  CHIDOXX  IRONBAD MOUNTAIN
       -------- -------- -------- -------- -------- -------- -------- --------
Ventas  $ 52415  $ 51712  $ 40815  $ 51559  $ 36864  $ 43890  $ 43160  $ 30720
Util.   $ 16397  $ 17484  $ 14642  $ 18925  $ 13501  $ 13834  $ 14308  $ 10770
Precio  $    55  $    64  $    45  $    47  $    48  $    66  $    65  $    48
GanRet  $ 26889  $ 29895  $ 31441  $ 25715  $ 30340  $ 26072  $ 33325  $ 24450
UnRepa      15%      12%      14%      17%      12%      10%      10%      10%
MPI         297      324      327      292      317      286      347      260

Industry Notes
--------------
 Con sus costos bajos las compañías tienen la oportunidad de bajar 
attract more customers.

 Con sus precios bajos hace que suban las ordenes y las ventas. Los inventarios 
disminuyen. ¨Qu‚ expectativas tiene con respecto al precio para el pr¢ximo per¡odo?

 A£n con una Capacidad Utilizada sobre 80 8ncrement ndose,
 las f bricas no mantienen alta la demanda.

 Con una Inversi¢n de Capital alto, habr  m s capacidad en la industria el 
 pr¢ximo per¡odo. Para las compa¤¡as que invirtieron, operaciones eficientes 
 que requer¡an una producción m s alta pero con un costo m s bajo por unidad.

