            Reporte de la Compañía BUSSINES for Período 3

Estado de Ingresos         % Ventas  Reporte de Operaciones
------------------           ------  ----------------------
Ventas             $  43338    100%  Decisiones:Precio     $    62
CBV                $  -7745     18%             Producción     780 unid.
                  --------- -------             Marketing  $ 10000
Margen Bruto       $  35593     82%             Inversión  $ 12950
Marketing          $ -10000     23%             I & D      $  4000
Depreciación       $  -1950      4%
I & D              $  -4000      9%
Carga Social       $   -110      0%  Reporte de Producción:
Cargo Inventario   $      0      0%  Producción                780 unid.
Interés            $   -814      2%  Capacid. de Fábrica       975 unid.
                  --------- -------  Capacid. Utilizada        80%
Utilid.ant.de Imp. $  18719     43%  Produc.Costo/Unidad   $ 11.08
Impuestos          $  -4680     11%  Inventario                 81 unid.
                  --------- -------  Empleados                  84 trabaj.
Utilidad Neta      $  14039     32%

Hoja de Balance             % Total  Reporte de Marketing:
---------------             -------  Ordenes Recibidas         699 unid.
Efectivo           $  35783     41%  Ventas Realizadas         699 unid.
Inventario         $    898      1%  Ordenes no Realizadas       0 unid.
Inver. de Capital  $  50000     58%  Precio/Unid. Vendida  $ 62.00
                  --------- -------  Tot. Costo/Unid Vend. $ 35.06
Total Activo       $  86681    100%  Margen/Unid.Vendida   $ 26.94

Préstamos          $  29607     34%  Reporte de Inversión:
Ganancias Reten.   $  34236     39%  Capacid.de Fabr. $  39000     975 unid.
Capital            $  22838     26%  Inversión Neta   $  11000     275 unid.
                  --------- -------                   --------- ------
Pasivo+Patrimonio  $  86681    100%  Próx. Capacidad  $  50000    1250 unid.

Flujo de Caja
---------
Caja Inicial       $  41828
Utilidad Neta      $  14039
Depreciación       $   1950
Invers. de Capital $ -12950
Cambio de Invent.  $   -898
Préstamo Neto      $  -8185
                  ---------
Caja Final         $  35783

 La producción (cantidad ofertada) fue mayor que la demanda.
--Puede incrementar la cantidad demandada con un precio m s bajo.
--Puede incrementar la demanda (la curva de la demanda cambia a la derecha) 
 inviertiendo m s en el marketing e I & D.
--Puede reducir la cantidad ofertada produciendo menos.

 En este período su inventario excede 10 23601e su producción. Remember
there is an opportunity cost to carrying inventory. 
¿Es esto parte de su estrategia a largo plazo?

