            Reporte de la Compañía ATENEA for Período 6

Estado de Ingresos         % Ventas  Reporte de Operaciones
------------------           ------  ----------------------
Ventas             $  50680    100%  Decisiones:Precio     $    35
CBV                $ -14132     28%             Producción    1404 unid.
                  --------- -------             Marketing  $ 12000
Margen Bruto       $  36548     72%             Inversión  $  3121
Marketing          $ -12000     24%             I & D      $   500
Depreciación       $  -3120      6%
I & D              $   -500      1%
Carga Social       $   -110      0%  Reporte de Producción:
Cargo Inventario   $   -736      1%  Producción               1404 unid.
Interés            $   -374      1%  Capacid. de Fábrica      1560 unid.
                  --------- -------  Capacid. Utilizada        90%
Utilid.ant.de Imp. $  19708     39%  Produc.Costo/Unidad   $  8.74
Impuestos          $  -4927     10%  Inventario                736 unid.
                  --------- -------  Empleados                  94 trabaj.
Utilidad Neta      $  14781     29%

Hoja de Balance             % Total  Reporte de Marketing:
---------------             -------  Ordenes Recibidas        1448 unid.
Efectivo           $  41414     37%  Ventas Realizadas        1448 unid.
Inventario         $   7173      6%  Ordenes no Realizadas       0 unid.
Inver. de Capital  $  62408     56%  Precio/Unid. Vendida  $ 35.00
                  --------- -------  Tot. Costo/Unid Vend. $ 21.31
Total Activo       $ 110995    100%  Margen/Unid.Vendida   $ 13.69

Préstamos          $  13584     12%  Reporte de Inversión:
Ganancias Reten.   $  74573     67%  Capacid.de Fabr. $  62407    1560 unid.
Capital            $  22838     21%  Inversión Neta   $      1       0 unid.
                  --------- -------                   --------- ------
Pasivo+Patrimonio  $ 110995    100%  Próx. Capacidad  $  62408    1560 unid.

Flujo de Caja
---------
Caja Inicial       $  34753
Utilidad Neta      $  14781
Depreciación       $   3120
Invers. de Capital $  -3121
Cambio de Invent.  $   1862
Préstamo Neto      $  -9981
                  ---------
Caja Final         $  41414

 Felicitaciones! Ud. ha logrado balancear su producción (cantidad ofertada) y 
 ordenes (cantidad demandada) con un margen del 5%.

 En este período su inventario excede 10 23601e su producción. Remember
there is an opportunity cost to carrying inventory. 
¿Es esto parte de su estrategia a largo plazo?

 Su producción est  por encima del 5 23601el costo mínimo por unidad, del nivel 
 de producción. Ud. podría reducir la producción o incrementar la capacidad 
 para lograr un costo mínimo por unidad.

