            Reporte de la Compañía ARTEMISA for Período 6

Estado de Ingresos         % Ventas  Reporte de Operaciones
------------------           ------  ----------------------
Ventas             $  34504    100%  Decisiones:Precio     $    38
CBV                $  -9243     27%             Producción    1645 unid.
                  --------- -------             Marketing  $ 10000
Margen Bruto       $  25261     73%             Inversión  $  3289
Marketing          $ -10000     29%             I & D      $  2000
Depreciación       $  -3289     10%
I & D              $  -2000      6%
Carga Social       $      0      0%  Reporte de Producción:
Cargo Inventario   $   -601      2%  Producción               1645 unid.
Interés            $   -507      1%  Capacid. de Fábrica      1644 unid.
                  --------- -------  Capacid. Utilizada       100%
Utilid.ant.de Imp. $   8864     26%  Produc.Costo/Unidad   $ 10.56
Impuestos          $  -2216      6%  Inventario               1338 unid.
                  --------- -------  Empleados                 105 trabaj.
Utilidad Neta      $   6648     19%

Hoja de Balance             % Total  Reporte de Marketing:
---------------             -------  Ordenes Recibidas         908 unid.
Efectivo           $  27891     26%  Ventas Realizadas         908 unid.
Inventario         $  13611     13%  Ordenes no Realizadas       0 unid.
Inver. de Capital  $  65787     61%  Precio/Unid. Vendida  $ 38.00
                  --------- -------  Tot. Costo/Unid Vend. $ 28.24
Total Activo       $ 107289    100%  Margen/Unid.Vendida   $  9.76

Préstamos          $  18424     17%  Reporte de Inversión:
Ganancias Reten.   $  66027     62%  Capacid.de Fabr. $  65787    1644 unid.
Capital            $  22838     21%  Inversión Neta   $      0       0 unid.
                  --------- -------                   --------- ------
Pasivo+Patrimonio  $ 107289    100%  Próx. Capacidad  $  65787    1645 unid.

Flujo de Caja
---------
Caja Inicial       $  30302
Utilidad Neta      $   6648
Depreciación       $   3289
Invers. de Capital $  -3289
Cambio de Invent.  $  -8128
Préstamo Neto      $   -931
                  ---------
Caja Final         $  27891

 La producción (cantidad ofertada) fue mayor que la demanda.
--Puede incrementar la cantidad demandada con un precio m s bajo.
--Puede incrementar la demanda (la curva de la demanda cambia a la derecha) 
 inviertiendo m s en el marketing e I & D.
--Puede reducir la cantidad ofertada produciendo menos.

 En este período su inventario excede 10 23601e su producción. Remember
there is an opportunity cost to carrying inventory. 
¿Es esto parte de su estrategia a largo plazo?

 Su producción est  por encima del 5 23601el costo mínimo por unidad, del nivel 
 de producción. Ud. podría reducir la producción o incrementar la capacidad 
 para lograr un costo mínimo por unidad.

