            Reporte de la Compañía ARTEMISA for Período 4

Estado de Ingresos         % Ventas  Reporte de Operaciones
------------------           ------  ----------------------
Ventas             $  45855    100%  Decisiones:Precio     $    45
CBV                $ -10007     22%             Producción    1153 unid.
                  --------- -------             Marketing  $  5500
Margen Bruto       $  35848     78%             Inversión  $ 10000
Marketing          $  -5500     12%             I & D      $  4500
Depreciación       $  -2564      6%
I & D              $  -4500     10%
Carga Social       $    -10      0%  Reporte de Producción:
Cargo Inventario   $      0      0%  Producción               1153 unid.
Interés            $   -709      2%  Capacid. de Fábrica      1282 unid.
                  --------- -------  Capacid. Utilizada        90%
Utilid.ant.de Imp. $  22565     49%  Produc.Costo/Unidad   $  9.82
Impuestos          $  -5641     12%  Inventario                134 unid.
                  --------- -------  Empleados                  94 trabaj.
Utilidad Neta      $  16924     37%

Hoja de Balance             % Total  Reporte de Marketing:
---------------             -------  Ordenes Recibidas        1019 unid.
Efectivo           $  36930     38%  Ventas Realizadas        1019 unid.
Inventario         $   1316      1%  Ordenes no Realizadas       0 unid.
Inver. de Capital  $  58723     61%  Precio/Unid. Vendida  $ 45.00
                  --------- -------  Tot. Costo/Unid Vend. $ 22.85
Total Activo       $  96970    100%  Margen/Unid.Vendida   $ 22.15

Préstamos          $  25766     27%  Reporte de Inversión:
Ganancias Reten.   $  48365     50%  Capacid.de Fabr. $  51287    1282 unid.
Capital            $  22838     24%  Inversión Neta   $   7436     186 unid.
                  --------- -------                   --------- ------
Pasivo+Patrimonio  $  96970    100%  Próx. Capacidad  $  58723    1468 unid.

Flujo de Caja
---------
Caja Inicial       $  33091
Utilidad Neta      $  16924
Depreciación       $   2564
Invers. de Capital $ -10000
Cambio de Invent.  $  -1316
Préstamo Neto      $  -4332
                  ---------
Caja Final         $  36930

 La producción (cantidad ofertada) fue mayor que la demanda.
--Puede incrementar la cantidad demandada con un precio m s bajo.
--Puede incrementar la demanda (la curva de la demanda cambia a la derecha) 
 inviertiendo m s en el marketing e I & D.
--Puede reducir la cantidad ofertada produciendo menos.

 En este período su inventario excede 10 23601e su producción. Remember
there is an opportunity cost to carrying inventory. 
¿Es esto parte de su estrategia a largo plazo?

 Su producción est  por encima del 5 23601el costo mínimo por unidad, del nivel 
 de producción. Ud. podría reducir la producción o incrementar la capacidad 
 para lograr un costo mínimo por unidad.

