            Reporte de la Compañía LSBROSKI for Período 1

Estado de Ingresos         % Ventas  Reporte de Operaciones
------------------           ------  ----------------------
Ventas             $  23520    100%  Decisiones:Precio     $    56
CBV                $  -7560     32%             Producción     420 unid.
                  --------- -------             Marketing  $  1552
Margen Bruto       $  15960     68%             Inversión  $ 13000
Marketing          $  -1552      7%             I & D      $ 10000
Depreciación       $  -1050      4%
I & D              $ -10000     43%
Carga Social       $      0      0%  Reporte de Producción:
Cargo Inventario   $      0      0%  Producción                420 unid.
Interés            $   -766      3%  Capacid. de Fábrica       525 unid.
                  --------- -------  Capacid. Utilizada        80%
Utilid.ant.de Imp. $   2592     11%  Produc.Costo/Unidad   $ 18.00
Impuestos          $   -648      3%  Inventario                  0 unid.
                  --------- -------  Empleados                  84 trabaj.
Utilidad Neta      $   1944      8%

Hoja de Balance             % Total  Reporte de Marketing:
---------------             -------  Ordenes Recibidas         513 unid.
Efectivo           $  21056     39%  Ventas Realizadas         420 unid.
Inventario         $      0      0%  Ordenes no Realizadas      93 unid.
Inver. de Capital  $  32950     61%  Precio/Unid. Vendida  $ 56.00
                  --------- -------  Tot. Costo/Unid Vend. $ 49.83
Total Activo       $  54006    100%  Margen/Unid.Vendida   $  6.17

Préstamos          $  27841     52%  Reporte de Inversión:
Ganancias Reten.   $   3327      6%  Capacid.de Fabr. $  21000     525 unid.
Capital            $  22838     42%  Inversión Neta   $  11950     299 unid.
                  --------- -------                   --------- ------
Pasivo+Patrimonio  $  54006    100%  Próx. Capacidad  $  32950     824 unid.

Flujo de Caja
---------
Caja Inicial       $  11879
Utilidad Neta      $   1944
Depreciación       $   1050
Invers. de Capital $ -13000
Cambio de Invent.  $      0
Préstamo Neto      $  19183
                  ---------
Caja Final         $  21056

 La cantidad demandada fue mayor que la producción (cantidad ofertada).
--Puede reducir la cantidad demandada con un precio m s alto.
--Puede reducir la demanda (la curva de la demanda cambiar a la izquierda)
 con menos marketing y/o menos I&D.
--Puede incrementar la cantidad ofertada con más producción.

