            Reporte de la Compañía PORTECHA for Período 1

Estado de Ingresos         % Ventas  Reporte de Operaciones
------------------           ------  ----------------------
Ventas             $  22260    100%  Decisiones:Precio     $    53
CBV                $  -7560     34%             Producción     420 unid.
                  --------- -------             Marketing  $  5000
Margen Bruto       $  14700     66%             Inversión  $ 11000
Marketing          $  -5000     22%             I & D      $  3000
Depreciación       $  -1050      5%
I & D              $  -3000     13%
Carga Social       $      0      0%  Reporte de Producción:
Cargo Inventario   $      0      0%  Producción                420 unid.
Interés            $   -613      3%  Capacid. de Fábrica       525 unid.
                  --------- -------  Capacid. Utilizada        80%
Utilid.ant.de Imp. $   5037     23%  Produc.Costo/Unidad   $ 18.00
Impuestos          $  -1259      6%  Inventario                  0 unid.
                  --------- -------  Empleados                  84 trabaj.
Utilidad Neta      $   3778     17%

Hoja de Balance             % Total  Reporte de Marketing:
---------------             -------  Ordenes Recibidas        1005 unid.
Efectivo           $  19338     38%  Ventas Realizadas         420 unid.
Inventario         $      0      0%  Ordenes no Realizadas     585 unid.
Inver. de Capital  $  30950     62%  Precio/Unid. Vendida  $ 53.00
                  --------- -------  Tot. Costo/Unid Vend. $ 41.01
Total Activo       $  50288    100%  Margen/Unid.Vendida   $ 11.99

Préstamos          $  22289     44%  Reporte de Inversión:
Ganancias Reten.   $   5161     10%  Capacid.de Fabr. $  21000     525 unid.
Capital            $  22838     45%  Inversión Neta   $   9950     249 unid.
                  --------- -------                   --------- ------
Pasivo+Patrimonio  $  50288    100%  Próx. Capacidad  $  30950     774 unid.

Flujo de Caja
---------
Caja Inicial       $  11879
Utilidad Neta      $   3778
Depreciación       $   1050
Invers. de Capital $ -11000
Cambio de Invent.  $      0
Préstamo Neto      $  13631
                  ---------
Caja Final         $  19338

 La cantidad demandada fue mayor que la producción (cantidad ofertada).
--Puede reducir la cantidad demandada con un precio m s alto.
--Puede reducir la demanda (la curva de la demanda cambiar a la izquierda)
 con menos marketing y/o menos I&D.
--Puede incrementar la cantidad ofertada con más producción.

