            Reporte de la Compañía HERMES for Período 1

Estado de Ingresos         % Ventas  Reporte de Operaciones
------------------           ------  ----------------------
Ventas             $  27300    100%  Decisiones:Precio     $    65
CBV                $  -7560     28%             Producción     420 unid.
                  --------- -------             Marketing  $  4500
Margen Bruto       $  19740     72%             Inversión  $ 12050
Marketing          $  -4500     16%             I & D      $ 10000
Depreciación       $  -1050      4%
I & D              $ -10000     37%
Carga Social       $      0      0%  Reporte de Producción:
Cargo Inventario   $      0      0%  Producción                420 unid.
Interés            $   -821      3%  Capacid. de Fábrica       525 unid.
                  --------- -------  Capacid. Utilizada        80%
Utilid.ant.de Imp. $   3369     12%  Produc.Costo/Unidad   $ 18.00
Impuestos          $   -842      3%  Inventario                  0 unid.
                  --------- -------  Empleados                  84 trabaj.
Utilidad Neta      $   2527      9%

Hoja de Balance             % Total  Reporte de Marketing:
---------------             -------  Ordenes Recibidas         476 unid.
Efectivo           $  24587     43%  Ventas Realizadas         420 unid.
Inventario         $      0      0%  Ordenes no Realizadas      56 unid.
Inver. de Capital  $  32000     57%  Precio/Unid. Vendida  $ 65.00
                  --------- -------  Tot. Costo/Unid Vend. $ 56.98
Total Activo       $  56587    100%  Margen/Unid.Vendida   $  8.02

Préstamos          $  29839     53%  Reporte de Inversión:
Ganancias Reten.   $   3910      7%  Capacid.de Fabr. $  21000     525 unid.
Capital            $  22838     40%  Inversión Neta   $  11000     275 unid.
                  --------- -------                   --------- ------
Pasivo+Patrimonio  $  56587    100%  Próx. Capacidad  $  32000     800 unid.

Flujo de Caja
---------
Caja Inicial       $  11879
Utilidad Neta      $   2527
Depreciación       $   1050
Invers. de Capital $ -12050
Cambio de Invent.  $      0
Préstamo Neto      $  21181
                  ---------
Caja Final         $  24587

 La cantidad demandada fue mayor que la producción (cantidad ofertada).
--Puede reducir la cantidad demandada con un precio m s alto.
--Puede reducir la demanda (la curva de la demanda cambiar a la izquierda)
 con menos marketing y/o menos I&D.
--Puede incrementar la cantidad ofertada con más producción.

