            Reporte de la Compañía ARTEMISA for Período 1

Estado de Ingresos         % Ventas  Reporte de Operaciones
------------------           ------  ----------------------
Ventas             $  18900    100%  Decisiones:Precio     $    45
CBV                $  -7560     40%             Producción     420 unid.
                  --------- -------             Marketing  $  2500
Margen Bruto       $  11340     60%             Inversión  $ 13000
Marketing          $  -2500     13%             I & D      $  2000
Depreciación       $  -1050      6%
I & D              $  -2000     11%
Carga Social       $      0      0%  Reporte de Producción:
Cargo Inventario   $      0      0%  Producción                420 unid.
Interés            $   -572      3%  Capacid. de Fábrica       525 unid.
                  --------- -------  Capacid. Utilizada        80%
Utilid.ant.de Imp. $   5218     28%  Produc.Costo/Unidad   $ 18.00
Impuestos          $  -1305      7%  Inventario                  0 unid.
                  --------- -------  Empleados                  84 trabaj.
Utilidad Neta      $   3913     21%

Hoja de Balance             % Total  Reporte de Marketing:
---------------             -------  Ordenes Recibidas        1133 unid.
Efectivo           $  15973     33%  Ventas Realizadas         420 unid.
Inventario         $      0      0%  Ordenes no Realizadas     713 unid.
Inver. de Capital  $  32950     67%  Precio/Unid. Vendida  $ 45.00
                  --------- -------  Tot. Costo/Unid Vend. $ 32.58
Total Activo       $  48923    100%  Margen/Unid.Vendida   $ 12.42

Préstamos          $  20789     42%  Reporte de Inversión:
Ganancias Reten.   $   5296     11%  Capacid.de Fabr. $  21000     525 unid.
Capital            $  22838     47%  Inversión Neta   $  11950     299 unid.
                  --------- -------                   --------- ------
Pasivo+Patrimonio  $  48923    100%  Próx. Capacidad  $  32950     824 unid.

Flujo de Caja
---------
Caja Inicial       $  11879
Utilidad Neta      $   3913
Depreciación       $   1050
Invers. de Capital $ -13000
Cambio de Invent.  $      0
Préstamo Neto      $  12131
                  ---------
Caja Final         $  15973

 La cantidad demandada fue mayor que la producción (cantidad ofertada).
--Puede reducir la cantidad demandada con un precio m s alto.
--Puede reducir la demanda (la curva de la demanda cambiar a la izquierda)
 con menos marketing y/o menos I&D.
--Puede incrementar la cantidad ofertada con más producción.

