            Reporte de la Compañía MOUNTAIN for Período 1

Estado de Ingresos         % Ventas  Reporte de Operaciones
------------------           ------  ----------------------
Ventas             $  18480    100%  Decisiones:Precio     $    44
CBV                $  -7560     41%             Producción     420 unid.
                  --------- -------             Marketing  $  1000
Margen Bruto       $  10920     59%             Inversión  $  6050
Marketing          $  -1000      5%             I & D      $  4000
Depreciación       $  -1050      6%
I & D              $  -4000     22%
Carga Social       $      0      0%  Reporte de Producción:
Cargo Inventario   $      0      0%  Producción                420 unid.
Interés            $   -394      2%  Capacid. de Fábrica       525 unid.
                  --------- -------  Capacid. Utilizada        80%
Utilid.ant.de Imp. $   4476     24%  Produc.Costo/Unidad   $ 18.00
Impuestos          $  -1119      6%  Inventario                  0 unid.
                  --------- -------  Empleados                  84 trabaj.
Utilidad Neta      $   3357     18%

Hoja de Balance             % Total  Reporte de Marketing:
---------------             -------  Ordenes Recibidas         990 unid.
Efectivo           $  15917     38%  Ventas Realizadas         420 unid.
Inventario         $      0      0%  Ordenes no Realizadas     570 unid.
Inver. de Capital  $  26000     62%  Precio/Unid. Vendida  $ 44.00
                  --------- -------  Tot. Costo/Unid Vend. $ 33.34
Total Activo       $  41917    100%  Margen/Unid.Vendida   $ 10.66

Préstamos          $  14339     34%  Reporte de Inversión:
Ganancias Reten.   $   4740     11%  Capacid.de Fabr. $  21000     525 unid.
Capital            $  22838     54%  Inversión Neta   $   5000     125 unid.
                  --------- -------                   --------- ------
Pasivo+Patrimonio  $  41917    100%  Próx. Capacidad  $  26000     650 unid.

Flujo de Caja
---------
Caja Inicial       $  11879
Utilidad Neta      $   3357
Depreciación       $   1050
Invers. de Capital $  -6050
Cambio de Invent.  $      0
Préstamo Neto      $   5681
                  ---------
Caja Final         $  15917

 La cantidad demandada fue mayor que la producción (cantidad ofertada).
--Puede reducir la cantidad demandada con un precio m s alto.
--Puede reducir la demanda (la curva de la demanda cambiar a la izquierda)
 con menos marketing y/o menos I&D.
--Puede incrementar la cantidad ofertada con más producción.

