            Reporte de la Compañía LSBROSKI for Período 4

Estado de Ingresos         % Ventas  Reporte de Operaciones
------------------           ------  ----------------------
Ventas             $  58512    100%  Decisiones:Precio     $    53
CBV                $ -13160     22%             Producción    1282 unid.
                  --------- -------             Marketing  $ 10000
Margen Bruto       $  45352     78%             Inversión  $ 10000
Marketing          $ -10000     17%             I & D      $ 10000
Depreciación       $  -2564      4%
I & D              $ -10000     17%
Carga Social       $      0      0%  Reporte de Producción:
Cargo Inventario   $    -97      0%  Producción               1282 unid.
Interés            $  -1281      2%  Capacid. de Fábrica      1282 unid.
                  --------- -------  Capacid. Utilizada       100%
Utilid.ant.de Imp. $  21410     37%  Produc.Costo/Unidad   $ 11.90
Impuestos          $  -5353      9%  Inventario                275 unid.
                  --------- -------  Empleados                 105 trabaj.
Utilidad Neta      $  16057     27%

Hoja de Balance             % Total  Reporte de Marketing:
---------------             -------  Ordenes Recibidas        1104 unid.
Efectivo           $  49217     44%  Ventas Realizadas        1104 unid.
Inventario         $   3275      3%  Ordenes no Realizadas       0 unid.
Inver. de Capital  $  58723     53%  Precio/Unid. Vendida  $ 53.00
                  --------- -------  Tot. Costo/Unid Vend. $ 33.61
Total Activo       $ 111215    100%  Margen/Unid.Vendida   $ 19.39

Préstamos          $  46586     42%  Reporte de Inversión:
Ganancias Reten.   $  41791     38%  Capacid.de Fabr. $  51287    1282 unid.
Capital            $  22838     21%  Inversión Neta   $   7436     186 unid.
                  --------- -------                   --------- ------
Pasivo+Patrimonio  $ 111215    100%  Próx. Capacidad  $  58723    1468 unid.

Flujo de Caja
---------
Caja Inicial       $  48857
Utilidad Neta      $  16057
Depreciación       $   2564
Invers. de Capital $ -10000
Cambio de Invent.  $  -2096
Préstamo Neto      $  -6165
                  ---------
Caja Final         $  49217

 La producción (cantidad ofertada) fue mayor que la demanda.
--Puede incrementar la cantidad demandada con un precio m s bajo.
--Puede incrementar la demanda (la curva de la demanda cambia a la derecha) 
 inviertiendo m s en el marketing e I & D.
--Puede reducir la cantidad ofertada produciendo menos.

 En este período su inventario excede 10 23601e su producción. Remember
there is an opportunity cost to carrying inventory. 
¿Es esto parte de su estrategia a largo plazo?

 Su producción est  por encima del 5 23601el costo mínimo por unidad, del nivel 
 de producción. Ud. podría reducir la producción o incrementar la capacidad 
 para lograr un costo mínimo por unidad.

