            Reporte de la Compañía LNE for Período 4

Estado de Ingresos         % Ventas  Reporte de Operaciones
------------------           ------  ----------------------
Ventas             $  45100    100%  Decisiones:Precio     $    44
CBV                $  -9369     21%             Producción    1025 unid.
                  --------- -------             Marketing  $ 10000
Margen Bruto       $  35731     79%             Inversión  $  3100
Marketing          $ -10000     22%             I & D      $     1
Depreciación       $  -2564      6%
I & D              $     -1      0%
Carga Social       $      0      0%  Reporte de Producción:
Cargo Inventario   $      0      0%  Producción               1025 unid.
Interés            $   -940      2%  Capacid. de Fábrica      1282 unid.
                  --------- -------  Capacid. Utilizada        80%
Utilid.ant.de Imp. $  22226     49%  Produc.Costo/Unidad   $  9.14
Impuestos          $  -5557     12%  Inventario                  0 unid.
                  --------- -------  Empleados                  84 trabaj.
Utilidad Neta      $  16669     37%

Hoja de Balance             % Total  Reporte de Marketing:
---------------             -------  Ordenes Recibidas        1452 unid.
Efectivo           $  36038     41%  Ventas Realizadas        1025 unid.
Inventario         $      0      0%  Ordenes no Realizadas     427 unid.
Inver. de Capital  $  51823     59%  Precio/Unid. Vendida  $ 44.00
                  --------- -------  Tot. Costo/Unid Vend. $ 22.32
Total Activo       $  87862    100%  Margen/Unid.Vendida   $ 21.68

Préstamos          $  34196     39%  Reporte de Inversión:
Ganancias Reten.   $  30828     35%  Capacid.de Fabr. $  51287    1282 unid.
Capital            $  22838     26%  Inversión Neta   $    536      13 unid.
                  --------- -------                   --------- ------
Pasivo+Patrimonio  $  87862    100%  Próx. Capacidad  $  51823    1296 unid.

Flujo de Caja
---------
Caja Inicial       $  30337
Utilidad Neta      $  16669
Depreciación       $   2564
Invers. de Capital $  -3100
Cambio de Invent.  $      0
Préstamo Neto      $ -10432
                  ---------
Caja Final         $  36038

 La cantidad demandada fue mayor que la producción (cantidad ofertada).
--Puede reducir la cantidad demandada con un precio m s alto.
--Puede reducir la demanda (la curva de la demanda cambiar a la izquierda)
 con menos marketing y/o menos I&D.
--Puede incrementar la cantidad ofertada con más producción.

