            Reporte de la Compañía TOROS for Período 4

Estado de Ingresos         % Ventas  Reporte de Operaciones
------------------           ------  ----------------------
Ventas             $  44770    100%  Decisiones:Precio     $    55
CBV                $  -9890     22%             Producción    1232 unid.
                  --------- -------             Marketing  $  5000
Margen Bruto       $  34880     78%             Inversión  $ 10000
Marketing          $  -5000     11%             I & D      $ 10000
Depreciación       $  -2464      6%
I & D              $ -10000     22%
Carga Social       $      0      0%  Reporte de Producción:
Cargo Inventario   $      0      0%  Producción               1232 unid.
Interés            $  -1149      3%  Capacid. de Fábrica      1232 unid.
                  --------- -------  Capacid. Utilizada       100%
Utilid.ant.de Imp. $  16267     36%  Produc.Costo/Unidad   $ 12.15
Impuestos          $  -4067      9%  Inventario                418 unid.
                  --------- -------  Empleados                 105 trabaj.
Utilidad Neta      $  12200     27%

Hoja de Balance             % Total  Reporte de Marketing:
---------------             -------  Ordenes Recibidas         814 unid.
Efectivo           $  37091     37%  Ventas Realizadas         814 unid.
Inventario         $   5078      5%  Ordenes no Realizadas       0 unid.
Inver. de Capital  $  56823     57%  Precio/Unid. Vendida  $ 55.00
                  --------- -------  Tot. Costo/Unid Vend. $ 35.02
Total Activo       $  98992    100%  Margen/Unid.Vendida   $ 19.98

Préstamos          $  41800     42%  Reporte de Inversión:
Ganancias Reten.   $  34354     35%  Capacid.de Fabr. $  49287    1232 unid.
Capital            $  22838     23%  Inversión Neta   $   7536     188 unid.
                  --------- -------                   --------- ------
Pasivo+Patrimonio  $  98992    100%  Próx. Capacidad  $  56823    1421 unid.

Flujo de Caja
---------
Caja Inicial       $  46424
Utilidad Neta      $  12200
Depreciación       $   2464
Invers. de Capital $ -10000
Cambio de Invent.  $  -5078
Préstamo Neto      $  -8919
                  ---------
Caja Final         $  37091

 La producción (cantidad ofertada) fue mayor que la demanda.
--Puede incrementar la cantidad demandada con un precio m s bajo.
--Puede incrementar la demanda (la curva de la demanda cambia a la derecha) 
 inviertiendo m s en el marketing e I & D.
--Puede reducir la cantidad ofertada produciendo menos.

 En este período su inventario excede 10 23601e su producción. Remember
there is an opportunity cost to carrying inventory. 
¿Es esto parte de su estrategia a largo plazo?

 Su producción est  por encima del 5 23601el costo mínimo por unidad, del nivel 
 de producción. Ud. podría reducir la producción o incrementar la capacidad 
 para lograr un costo mínimo por unidad.

