            Reporte de la Compañía PORTECHA for Período 4

Estado de Ingresos         % Ventas  Reporte de Operaciones
------------------           ------  ----------------------
Ventas             $  42450    100%  Decisiones:Precio     $    50
CBV                $  -7955     19%             Producción     989 unid.
                  --------- -------             Marketing  $  9500
Margen Bruto       $  34495     81%             Inversión  $ 10000
Marketing          $  -9500     22%             I & D      $  4000
Depreciación       $  -2474      6%
I & D              $  -4000      9%
Carga Social       $      0      0%  Reporte de Producción:
Cargo Inventario   $      0      0%  Producción                989 unid.
Interés            $   -807      2%  Capacid. de Fábrica      1237 unid.
                  --------- -------  Capacid. Utilizada        80%
Utilid.ant.de Imp. $  17714     42%  Produc.Costo/Unidad   $  9.37
Impuestos          $  -4429     10%  Inventario                140 unid.
                  --------- -------  Empleados                  84 trabaj.
Utilidad Neta      $  13285     31%

Hoja de Balance             % Total  Reporte de Marketing:
---------------             -------  Ordenes Recibidas         849 unid.
Efectivo           $  34741     37%  Ventas Realizadas         849 unid.
Inventario         $   1311      1%  Ordenes no Realizadas       0 unid.
Inver. de Capital  $  57008     61%  Precio/Unid. Vendida  $ 50.00
                  --------- -------  Tot. Costo/Unid Vend. $ 29.14
Total Activo       $  93060    100%  Margen/Unid.Vendida   $ 20.86

Préstamos          $  29358     32%  Reporte de Inversión:
Ganancias Reten.   $  40864     44%  Capacid.de Fabr. $  49482    1237 unid.
Capital            $  22838     25%  Inversión Neta   $   7526     188 unid.
                  --------- -------                   --------- ------
Pasivo+Patrimonio  $  93060    100%  Próx. Capacidad  $  57008    1425 unid.

Flujo de Caja
---------
Caja Inicial       $  28152
Utilidad Neta      $  13285
Depreciación       $   2474
Invers. de Capital $ -10000
Cambio de Invent.  $  -1311
Préstamo Neto      $   2141
                  ---------
Caja Final         $  34741

 La producción (cantidad ofertada) fue mayor que la demanda.
--Puede incrementar la cantidad demandada con un precio m s bajo.
--Puede incrementar la demanda (la curva de la demanda cambia a la derecha) 
 inviertiendo m s en el marketing e I & D.
--Puede reducir la cantidad ofertada produciendo menos.

 En este período su inventario excede 10 23601e su producción. Remember
there is an opportunity cost to carrying inventory. 
¿Es esto parte de su estrategia a largo plazo?

